<?xml version="1.0" encoding="UTF-8"?>
<!-- Generated by org.testng.reporters.JUnitReportReporter -->
<testsuite skipped="0" hostname="LAPTOP-6F62KJM9" name="test7.Test1" tests="1" failures="0" timestamp="17 Feb 2021 13:32:33 GMT" time="0.008" errors="0">
  <testcase name="t1" time="0.008" classname="test7.Test1"/>
</testsuite> <!-- test7.Test1 -->
